Start testing: Nov 08 13:20 CST
----------------------------------------------------------
1/2 Testing: HelloTest.BasicAssertions
1/2 Test: HelloTest.BasicAssertions
Command: "/mnt/d/Projects/cppjson/test/hello_test" "--gtest_filter=HelloTest.BasicAssertions" "--gtest_also_run_disabled_tests"
Directory: /mnt/d/Projects/cppjson/test
"HelloTest.BasicAssertions" start time: Nov 08 13:20 CST
Output:
----------------------------------------------------------
Running main() from /mnt/d/Projects/cppjson/test/_deps/googletest-src/googletest/src/gtest_main.cc
Note: Google Test filter = HelloTest.BasicAssertions
[==========] Running 1 test from 1 test suite.
[----------] Global test environment set-up.
[----------] 1 test from HelloTest
[ RUN      ] HelloTest.BasicAssertions
[       OK ] HelloTest.BasicAssertions (0 ms)
[----------] 1 test from HelloTest (0 ms total)

[----------] Global test environment tear-down
[==========] 1 test from 1 test suite ran. (0 ms total)
[  PASSED  ] 1 test.
<end of output>
Test time =   0.30 sec
----------------------------------------------------------
Test Passed.
"HelloTest.BasicAssertions" end time: Nov 08 13:20 CST
"HelloTest.BasicAssertions" time elapsed: 00:00:00
----------------------------------------------------------

2/2 Testing: HelloTest2.BasicAssertions
2/2 Test: HelloTest2.BasicAssertions
Command: "/mnt/d/Projects/cppjson/test/hello_test" "--gtest_filter=HelloTest2.BasicAssertions" "--gtest_also_run_disabled_tests"
Directory: /mnt/d/Projects/cppjson/test
"HelloTest2.BasicAssertions" start time: Nov 08 13:20 CST
Output:
----------------------------------------------------------
Running main() from /mnt/d/Projects/cppjson/test/_deps/googletest-src/googletest/src/gtest_main.cc
Note: Google Test filter = HelloTest2.BasicAssertions
[==========] Running 1 test from 1 test suite.
[----------] Global test environment set-up.
[----------] 1 test from HelloTest2
[ RUN      ] HelloTest2.BasicAssertions
[       OK ] HelloTest2.BasicAssertions (0 ms)
[----------] 1 test from HelloTest2 (0 ms total)

[----------] Global test environment tear-down
[==========] 1 test from 1 test suite ran. (0 ms total)
[  PASSED  ] 1 test.
<end of output>
Test time =   0.15 sec
----------------------------------------------------------
Test Passed.
"HelloTest2.BasicAssertions" end time: Nov 08 13:20 CST
"HelloTest2.BasicAssertions" time elapsed: 00:00:00
----------------------------------------------------------

End testing: Nov 08 13:20 CST
